<?xml version="1.0" encoding="UTF-8"?>
<!-- Generated by org.testng.reporters.JUnitReportReporter -->
<testsuite skipped="0" hostname="DESKTOP-II4GI5H" name="UserTests" tests="4" failures="0" timestamp="08 Mar 2021 00:03:11 GMT" time="7.570" errors="0">
  <testcase name="CTest_login_User_Successful" time="0.780" classname="UserTests"/>
  <testcase name="BNegativeTest_Creating_User_Already_Exist" time="0.624" classname="UserTests"/>
  <testcase name="ATest_Create_User_Successful" time="4.820" classname="UserTests"/>
  <testcase name="DTest_logOut_User_Successful" time="1.346" classname="UserTests"/>
</testsuite> <!-- UserTests -->
