<?xml version="1.0" encoding="UTF-8"?>
<!-- Generated by org.testng.reporters.JUnitReportReporter -->
<testsuite skipped="0" hostname="DESKTOP-II4GI5H" name="CommentsTest" tests="15" failures="0" timestamp="08 Mar 2021 00:03:11 GMT" time="12.881" errors="0">
  <testcase name="ITest_ShowAllComments_FailbySecurity" time="0.721" classname="CommentsTest"/>
  <testcase name="ATest_Create_Comment_success" time="0.704" classname="CommentsTest"/>
  <testcase name="CTest_Create_Comment_FailbySecurity" time="0.699" classname="CommentsTest"/>
  <testcase name="MTest_Delete_Comment_success" time="1.515" classname="CommentsTest"/>
  <testcase name="LTest_Edit_Comment_FailbySecurity" time="0.653" classname="CommentsTest"/>
  <testcase name="HTest_ShowAllComments_SchemaValidation" time="0.881" classname="CommentsTest"/>
  <testcase name="ETest_ShowComment_Fail" time="0.698" classname="CommentsTest"/>
  <testcase name="JTest_Edit_Comment_success" time="0.702" classname="CommentsTest"/>
  <testcase name="KTest_Edit_Comment_Fails" time="0.708" classname="CommentsTest"/>
  <testcase name="BTest_Create_Comment_Fails" time="0.663" classname="CommentsTest"/>
  <testcase name="GTest_ShowAllComments_success" time="0.741" classname="CommentsTest"/>
  <testcase name="DTest_ShowComment_success" time="0.711" classname="CommentsTest"/>
  <testcase name="OTest_Delete_Comment_FailbySecurity" time="1.360" classname="CommentsTest"/>
  <testcase name="FTest_ShowComment_FailbySecurity" time="0.626" classname="CommentsTest"/>
  <testcase name="NTest_Delete_Comment_Fails" time="1.499" classname="CommentsTest"/>
</testsuite> <!-- CommentsTest -->
